# JRE version: OpenJDK Runtime Environment (8.0_212-b04) (build 1.8.0_212-release-1586-b04)
# Java VM: OpenJDK 64-Bit Server VM (25.212-b04 mixed mode windows-amd64 compressed oops)
Heap:
 PSYoungGen      total 219648K, used 62477K [0x00000000e0000000, 0x00000000f1f00000, 0x0000000100000000)
  eden space 197632K, 20% used [0x00000000e0000000,0x00000000e2786de0,0x00000000ec100000)
  from space 22016K, 99% used [0x00000000ee600000,0x00000000efb7c970,0x00000000efb80000)
  to   space 37888K, 12% used [0x00000000ec100000,0x00000000ec58c070,0x00000000ee600000)
 ParOldGen       total 129024K, used 85780K [0x00000000a0000000, 0x00000000a7e00000, 0x00000000e0000000)
  object space 129024K, 66% used [0x00000000a0000000,0x00000000a53c52b0,0x00000000a7e00000)
 Metaspace       used 71932K, capacity 74674K, committed 74880K, reserved 1118208K
  class space    used 9916K, capacity 10500K, committed 10624K, reserved 1048576K
GC Heap History (10 events):
Event: 12.881 GC heap before
{Heap before GC invocations=13 (full 2):
 PSYoungGen      total 147968K, used 147963K [0x00000000e0000000, 0x00000000ea580000, 0x0000000100000000)
  eden space 135168K, 100% used [0x00000000e0000000,0x00000000e8400000,0x00000000e8400000)
  from space 12800K, 99% used [0x00000000e9900000,0x00000000ea57ef08,0x00000000ea580000)
  to   space 14848K, 0% used [0x00000000e8880000,0x00000000e8880000,0x00000000e9700000)
 ParOldGen       total 89600K, used 19087K [0x00000000a0000000, 0x00000000a5780000, 0x00000000e0000000)
  object space 89600K, 21% used [0x00000000a0000000,0x00000000a12a3f98,0x00000000a5780000)
 Metaspace       used 55831K, capacity 57506K, committed 57728K, reserved 1099776K
  class space    used 7591K, capacity 7984K, committed 8064K, reserved 1048576K
Event: 12.907 GC heap after
Heap after GC invocations=13 (full 2):
 PSYoungGen      total 154624K, used 14816K [0x00000000e0000000, 0x00000000ece80000, 0x0000000100000000)
  eden space 139776K, 0% used [0x00000000e0000000,0x00000000e0000000,0x00000000e8880000)
  from space 14848K, 99% used [0x00000000e8880000,0x00000000e96f8068,0x00000000e9700000)
  to   space 19456K, 0% used [0x00000000ebb80000,0x00000000ebb80000,0x00000000ece80000)
 ParOldGen       total 89600K, used 26275K [0x00000000a0000000, 0x00000000a5780000, 0x00000000e0000000)
  object space 89600K, 29% used [0x00000000a0000000,0x00000000a19a8dd0,0x00000000a5780000)
 Metaspace       used 55831K, capacity 57506K, committed 57728K, reserved 1099776K
  class space    used 7591K, capacity 7984K, committed 8064K, reserved 1048576K
}
Event: 13.255 GC heap before
{Heap before GC invocations=14 (full 2):
 PSYoungGen      total 154624K, used 38567K [0x00000000e0000000, 0x00000000ece80000, 0x0000000100000000)
  eden space 139776K, 16% used [0x00000000e0000000,0x00000000e1731ba8,0x00000000e8880000)
  from space 14848K, 99% used [0x00000000e8880000,0x00000000e96f8068,0x00000000e9700000)
  to   space 19456K, 0% used [0x00000000ebb80000,0x00000000ebb80000,0x00000000ece80000)
 ParOldGen       total 89600K, used 26275K [0x00000000a0000000, 0x00000000a5780000, 0x00000000e0000000)
  object space 89600K, 29% used [0x00000000a0000000,0x00000000a19a8dd0,0x00000000a5780000)
 Metaspace       used 57367K, capacity 59044K, committed 59160K, reserved 1099776K
  class space    used 7845K, capacity 8225K, committed 8320K, reserved 1048576K
Event: 13.280 GC heap after
Heap after GC invocations=14 (full 2):
 PSYoungGen      total 192000K, used 1984K [0x00000000e0000000, 0x00000000edf80000, 0x0000000100000000)
  eden space 172544K, 0% used [0x00000000e0000000,0x00000000e0000000,0x00000000ea880000)
  from space 19456K, 10% used [0x00000000ebb80000,0x00000000ebd702b8,0x00000000ece80000)
  to   space 19456K, 0% used [0x00000000ea880000,0x00000000ea880000,0x00000000ebb80000)
 ParOldGen       total 89600K, used 33542K [0x00000000a0000000, 0x00000000a5780000, 0x00000000e0000000)
  object space 89600K, 37% used [0x00000000a0000000,0x00000000a20c18f0,0x00000000a5780000)
 Metaspace       used 57367K, capacity 59044K, committed 59160K, reserved 1099776K
  class space    used 7845K, capacity 8225K, committed 8320K, reserved 1048576K
}
Event: 13.280 GC heap before
{Heap before GC invocations=15 (full 3):
 PSYoungGen      total 192000K, used 1984K [0x00000000e0000000, 0x00000000edf80000, 0x0000000100000000)
  eden space 172544K, 0% used [0x00000000e0000000,0x00000000e0000000,0x00000000ea880000)
  from space 19456K, 10% used [0x00000000ebb80000,0x00000000ebd702b8,0x00000000ece80000)
  to   space 19456K, 0% used [0x00000000ea880000,0x00000000ea880000,0x00000000ebb80000)
 ParOldGen       total 89600K, used 33542K [0x00000000a0000000, 0x00000000a5780000, 0x00000000e0000000)
  object space 89600K, 37% used [0x00000000a0000000,0x00000000a20c18f0,0x00000000a5780000)
 Metaspace       used 57367K, capacity 59044K, committed 59160K, reserved 1099776K
  class space    used 7845K, capacity 8225K, committed 8320K, reserved 1048576K
Event: 13.597 GC heap after
Heap after GC invocations=15 (full 3):
 PSYoungGen      total 192000K, used 0K [0x00000000e0000000, 0x00000000edf80000, 0x0000000100000000)
  eden space 172544K, 0% used [0x00000000e0000000,0x00000000e0000000,0x00000000ea880000)
  from space 19456K, 0% used [0x00000000ebb80000,0x00000000ebb80000,0x00000000ece80000)
  to   space 19456K, 0% used [0x00000000ea880000,0x00000000ea880000,0x00000000ebb80000)
 ParOldGen       total 129024K, used 30128K [0x00000000a0000000, 0x00000000a7e00000, 0x00000000e0000000)
  object space 129024K, 23% used [0x00000000a0000000,0x00000000a1d6c250,0x00000000a7e00000)
 Metaspace       used 57367K, capacity 59044K, committed 59160K, reserved 1099776K
  class space    used 7845K, capacity 8225K, committed 8320K, reserved 1048576K
}
Event: 16.953 GC heap before
{Heap before GC invocations=16 (full 3):
 PSYoungGen      total 192000K, used 172544K [0x00000000e0000000, 0x00000000edf80000, 0x0000000100000000)
  eden space 172544K, 100% used [0x00000000e0000000,0x00000000ea880000,0x00000000ea880000)
  from space 19456K, 0% used [0x00000000ebb80000,0x00000000ebb80000,0x00000000ece80000)
  to   space 19456K, 0% used [0x00000000ea880000,0x00000000ea880000,0x00000000ebb80000)
 ParOldGen       total 129024K, used 30128K [0x00000000a0000000, 0x00000000a7e00000, 0x00000000e0000000)
  object space 129024K, 23% used [0x00000000a0000000,0x00000000a1d6c250,0x00000000a7e00000)
 Metaspace       used 64545K, capacity 66820K, committed 66944K, reserved 1107968K
  class space    used 8837K, capacity 9341K, committed 9344K, reserved 1048576K
Event: 16.974 GC heap after
Heap after GC invocations=16 (full 3):
 PSYoungGen      total 192000K, used 17467K [0x00000000e0000000, 0x00000000efb80000, 0x0000000100000000)
  eden space 172544K, 0% used [0x00000000e0000000,0x00000000e0000000,0x00000000ea880000)
  from space 19456K, 89% used [0x00000000ea880000,0x00000000eb98ef50,0x00000000ebb80000)
  to   space 22016K, 0% used [0x00000000ee600000,0x00000000ee600000,0x00000000efb80000)
 ParOldGen       total 129024K, used 30136K [0x00000000a0000000, 0x00000000a7e00000, 0x00000000e0000000)
  object space 129024K, 23% used [0x00000000a0000000,0x00000000a1d6e250,0x00000000a7e00000)
 Metaspace       used 64545K, capacity 66820K, committed 66944K, reserved 1107968K
  class space    used 8837K, capacity 9341K, committed 9344K, reserved 1048576K
}
Event: 19.291 GC heap before
{Heap before GC invocations=17 (full 3):
 PSYoungGen      total 192000K, used 190011K [0x00000000e0000000, 0x00000000efb80000, 0x0000000100000000)
  eden space 172544K, 100% used [0x00000000e0000000,0x00000000ea880000,0x00000000ea880000)
  from space 19456K, 89% used [0x00000000ea880000,0x00000000eb98ef50,0x00000000ebb80000)
  to   space 22016K, 0% used [0x00000000ee600000,0x00000000ee600000,0x00000000efb80000)
 ParOldGen       total 129024K, used 30136K [0x00000000a0000000, 0x00000000a7e00000, 0x00000000e0000000)
  object space 129024K, 23% used [0x00000000a0000000,0x00000000a1d6e250,0x00000000a7e00000)
 Metaspace       used 70727K, capacity 73356K, committed 73600K, reserved 1112064K
  class space    used 9750K, capacity 10325K, committed 10368K, reserved 1048576K
Event: 19.392 GC heap after
Heap after GC invocations=17 (full 3):
 PSYoungGen      total 219648K, used 22002K [0x00000000e0000000, 0x00000000f1f00000, 0x0000000100000000)
  eden space 197632K, 0% used [0x00000000e0000000,0x00000000e0000000,0x00000000ec100000)
  from space 22016K, 99% used [0x00000000ee600000,0x00000000efb7c970,0x00000000efb80000)
  to   space 37888K, 0% used [0x00000000ec100000,0x00000000ec100000,0x00000000ee600000)
 ParOldGen       total 129024K, used 63924K [0x00000000a0000000, 0x00000000a7e00000, 0x00000000e0000000)
  object space 129024K, 49% used [0x00000000a0000000,0x00000000a3e6d138,0x00000000a7e00000)
 Metaspace       used 70727K, capacity 73356K, committed 73600K, reserved 1112064K
  class space    used 9750K, capacity 10325K, committed 10368K, reserved 1048576K
}

