# JRE version: OpenJDK Runtime Environment (8.0_212-b04) (build 1.8.0_212-release-1586-b04)
# Java VM: OpenJDK 64-Bit Server VM (25.212-b04 mixed mode windows-amd64 compressed oops)
Heap:
 PSYoungGen      total 71680K, used 47717K [0x00000000d5f00000, 0x00000000dd880000, 0x0000000100000000)
  eden space 66560K, 64% used [0x00000000d5f00000,0x00000000d88a1188,0x00000000da000000)
  from space 5120K, 99% used [0x00000000da000000,0x00000000da4f8328,0x00000000da500000)
  to   space 16384K, 0% used [0x00000000dc880000,0x00000000dc880000,0x00000000dd880000)
 ParOldGen       total 66560K, used 32301K [0x0000000081c00000, 0x0000000085d00000, 0x00000000d5f00000)
  object space 66560K, 48% used [0x0000000081c00000,0x0000000083b8b5c0,0x0000000085d00000)
 Metaspace       used 42425K, capacity 43076K, committed 43312K, reserved 1087488K
  class space    used 5252K, capacity 5407K, committed 5424K, reserved 1048576K
GC Heap History (10 events):
Event: 3.017 GC heap before
{Heap before GC invocations=5 (full 1):
 PSYoungGen      total 38400K, used 33280K [0x00000000d5f00000, 0x00000000daa00000, 0x0000000100000000)
  eden space 33280K, 100% used [0x00000000d5f00000,0x00000000d7f80000,0x00000000d7f80000)
  from space 5120K, 0% used [0x00000000d7f80000,0x00000000d7f80000,0x00000000d8480000)
  to   space 5120K, 0% used [0x00000000da500000,0x00000000da500000,0x00000000daa00000)
 ParOldGen       total 66560K, used 8957K [0x0000000081c00000, 0x0000000085d00000, 0x00000000d5f00000)
  object space 66560K, 13% used [0x0000000081c00000,0x00000000824bf4a8,0x0000000085d00000)
 Metaspace       used 24607K, capacity 25090K, committed 25136K, reserved 1071104K
  class space    used 2939K, capacity 3119K, committed 3120K, reserved 1048576K
Event: 3.033 GC heap after
Heap after GC invocations=5 (full 1):
 PSYoungGen      total 53248K, used 5092K [0x00000000d5f00000, 0x00000000daa00000, 0x0000000100000000)
  eden space 48128K, 0% used [0x00000000d5f00000,0x00000000d5f00000,0x00000000d8e00000)
  from space 5120K, 99% used [0x00000000da500000,0x00000000da9f9100,0x00000000daa00000)
  to   space 5120K, 0% used [0x00000000da000000,0x00000000da000000,0x00000000da500000)
 ParOldGen       total 66560K, used 11661K [0x0000000081c00000, 0x0000000085d00000, 0x00000000d5f00000)
  object space 66560K, 17% used [0x0000000081c00000,0x00000000827636a0,0x0000000085d00000)
 Metaspace       used 24607K, capacity 25090K, committed 25136K, reserved 1071104K
  class space    used 2939K, capacity 3119K, committed 3120K, reserved 1048576K
}
Event: 3.877 GC heap before
{Heap before GC invocations=6 (full 1):
 PSYoungGen      total 53248K, used 53220K [0x00000000d5f00000, 0x00000000daa00000, 0x0000000100000000)
  eden space 48128K, 100% used [0x00000000d5f00000,0x00000000d8e00000,0x00000000d8e00000)
  from space 5120K, 99% used [0x00000000da500000,0x00000000da9f9100,0x00000000daa00000)
  to   space 5120K, 0% used [0x00000000da000000,0x00000000da000000,0x00000000da500000)
 ParOldGen       total 66560K, used 11661K [0x0000000081c00000, 0x0000000085d00000, 0x00000000d5f00000)
  object space 66560K, 17% used [0x0000000081c00000,0x00000000827636a0,0x0000000085d00000)
 Metaspace       used 32508K, capacity 32937K, committed 33328K, reserved 1079296K
  class space    used 4144K, capacity 4278K, committed 4400K, reserved 1048576K
Event: 3.890 GC heap after
Heap after GC invocations=6 (full 1):
 PSYoungGen      total 71680K, used 5090K [0x00000000d5f00000, 0x00000000dc100000, 0x0000000100000000)
  eden space 66560K, 0% used [0x00000000d5f00000,0x00000000d5f00000,0x00000000da000000)
  from space 5120K, 99% used [0x00000000da000000,0x00000000da4f8918,0x00000000da500000)
  to   space 15360K, 0% used [0x00000000db200000,0x00000000db200000,0x00000000dc100000)
 ParOldGen       total 66560K, used 22786K [0x0000000081c00000, 0x0000000085d00000, 0x00000000d5f00000)
  object space 66560K, 34% used [0x0000000081c00000,0x0000000083240ae0,0x0000000085d00000)
 Metaspace       used 32508K, capacity 32937K, committed 33328K, reserved 1079296K
  class space    used 4144K, capacity 4278K, committed 4400K, reserved 1048576K
}
Event: 4.102 GC heap before
{Heap before GC invocations=7 (full 1):
 PSYoungGen      total 71680K, used 14409K [0x00000000d5f00000, 0x00000000dc100000, 0x0000000100000000)
  eden space 66560K, 14% used [0x00000000d5f00000,0x00000000d6819ed0,0x00000000da000000)
  from space 5120K, 99% used [0x00000000da000000,0x00000000da4f8918,0x00000000da500000)
  to   space 15360K, 0% used [0x00000000db200000,0x00000000db200000,0x00000000dc100000)
 ParOldGen       total 66560K, used 22786K [0x0000000081c00000, 0x0000000085d00000, 0x00000000d5f00000)
  object space 66560K, 34% used [0x0000000081c00000,0x0000000083240ae0,0x0000000085d00000)
 Metaspace       used 34844K, capacity 35321K, committed 35496K, reserved 1081344K
  class space    used 4509K, capacity 4654K, committed 4656K, reserved 1048576K
Event: 4.112 GC heap after
Heap after GC invocations=7 (full 1):
 PSYoungGen      total 81920K, used 7641K [0x00000000d5f00000, 0x00000000dc100000, 0x0000000100000000)
  eden space 66560K, 0% used [0x00000000d5f00000,0x00000000d5f00000,0x00000000da000000)
  from space 15360K, 49% used [0x00000000db200000,0x00000000db9767c0,0x00000000dc100000)
  to   space 5120K, 0% used [0x00000000da000000,0x00000000da000000,0x00000000da500000)
 ParOldGen       total 66560K, used 22786K [0x0000000081c00000, 0x0000000085d00000, 0x00000000d5f00000)
  object space 66560K, 34% used [0x0000000081c00000,0x0000000083240ae0,0x0000000085d00000)
 Metaspace       used 34844K, capacity 35321K, committed 35496K, reserved 1081344K
  class space    used 4509K, capacity 4654K, committed 4656K, reserved 1048576K
}
Event: 4.112 GC heap before
{Heap before GC invocations=8 (full 2):
 PSYoungGen      total 81920K, used 7641K [0x00000000d5f00000, 0x00000000dc100000, 0x0000000100000000)
  eden space 66560K, 0% used [0x00000000d5f00000,0x00000000d5f00000,0x00000000da000000)
  from space 15360K, 49% used [0x00000000db200000,0x00000000db9767c0,0x00000000dc100000)
  to   space 5120K, 0% used [0x00000000da000000,0x00000000da000000,0x00000000da500000)
 ParOldGen       total 66560K, used 22786K [0x0000000081c00000, 0x0000000085d00000, 0x00000000d5f00000)
  object space 66560K, 34% used [0x0000000081c00000,0x0000000083240ae0,0x0000000085d00000)
 Metaspace       used 34844K, capacity 35321K, committed 35496K, reserved 1081344K
  class space    used 4509K, capacity 4654K, committed 4656K, reserved 1048576K
Event: 4.198 GC heap after
Heap after GC invocations=8 (full 2):
 PSYoungGen      total 81920K, used 0K [0x00000000d5f00000, 0x00000000dc100000, 0x0000000100000000)
  eden space 66560K, 0% used [0x00000000d5f00000,0x00000000d5f00000,0x00000000da000000)
  from space 15360K, 0% used [0x00000000db200000,0x00000000db200000,0x00000000dc100000)
  to   space 5120K, 0% used [0x00000000da000000,0x00000000da000000,0x00000000da500000)
 ParOldGen       total 66560K, used 23924K [0x0000000081c00000, 0x0000000085d00000, 0x00000000d5f00000)
  object space 66560K, 35% used [0x0000000081c00000,0x000000008335d340,0x0000000085d00000)
 Metaspace       used 34844K, capacity 35321K, committed 35496K, reserved 1081344K
  class space    used 4509K, capacity 4654K, committed 4656K, reserved 1048576K
}
Event: 5.851 GC heap before
{Heap before GC invocations=9 (full 2):
 PSYoungGen      total 81920K, used 66560K [0x00000000d5f00000, 0x00000000dc100000, 0x0000000100000000)
  eden space 66560K, 100% used [0x00000000d5f00000,0x00000000da000000,0x00000000da000000)
  from space 15360K, 0% used [0x00000000db200000,0x00000000db200000,0x00000000dc100000)
  to   space 5120K, 0% used [0x00000000da000000,0x00000000da000000,0x00000000da500000)
 ParOldGen       total 66560K, used 23924K [0x0000000081c00000, 0x0000000085d00000, 0x00000000d5f00000)
  object space 66560K, 35% used [0x0000000081c00000,0x000000008335d340,0x0000000085d00000)
 Metaspace       used 39823K, capacity 40452K, committed 40752K, reserved 1085440K
  class space    used 4956K, capacity 5121K, committed 5168K, reserved 1048576K
Event: 5.870 GC heap after
Heap after GC invocations=9 (full 2):
 PSYoungGen      total 71680K, used 5088K [0x00000000d5f00000, 0x00000000dd880000, 0x0000000100000000)
  eden space 66560K, 0% used [0x00000000d5f00000,0x00000000d5f00000,0x00000000da000000)
  from space 5120K, 99% used [0x00000000da000000,0x00000000da4f8328,0x00000000da500000)
  to   space 16384K, 0% used [0x00000000dc880000,0x00000000dc880000,0x00000000dd880000)
 ParOldGen       total 66560K, used 32301K [0x0000000081c00000, 0x0000000085d00000, 0x00000000d5f00000)
  object space 66560K, 48% used [0x0000000081c00000,0x0000000083b8b5c0,0x0000000085d00000)
 Metaspace       used 39823K, capacity 40452K, committed 40752K, reserved 1085440K
  class space    used 4956K, capacity 5121K, committed 5168K, reserved 1048576K
}

