# JRE version: OpenJDK Runtime Environment (8.0_212-b04) (build 1.8.0_212-release-1586-b04)
# Java VM: OpenJDK 64-Bit Server VM (25.212-b04 mixed mode windows-amd64 compressed oops)
Heap:
 PSYoungGen      total 82944K, used 44931K [0x00000000d5f00000, 0x00000000de080000, 0x0000000100000000)
  eden space 67584K, 66% used [0x00000000d5f00000,0x00000000d8ae0da0,0x00000000da100000)
  from space 15360K, 0% used [0x00000000db000000,0x00000000db000000,0x00000000dbf00000)
  to   space 15360K, 0% used [0x00000000da100000,0x00000000da100000,0x00000000db000000)
 ParOldGen       total 115200K, used 23807K [0x0000000081c00000, 0x0000000088c80000, 0x00000000d5f00000)
  object space 115200K, 20% used [0x0000000081c00000,0x000000008333fc28,0x0000000088c80000)
 Metaspace       used 37609K, capacity 38160K, committed 38576K, reserved 1083392K
  class space    used 4782K, capacity 4915K, committed 5040K, reserved 1048576K
GC Heap History (10 events):
Event: 2.530 GC heap before
{Heap before GC invocations=4 (full 1):
 PSYoungGen      total 38400K, used 5108K [0x00000000d5f00000, 0x00000000daa00000, 0x0000000100000000)
  eden space 33280K, 0% used [0x00000000d5f00000,0x00000000d5f00000,0x00000000d7f80000)
  from space 5120K, 99% used [0x00000000d7f80000,0x00000000d847d020,0x00000000d8480000)
  to   space 5120K, 0% used [0x00000000da500000,0x00000000da500000,0x00000000daa00000)
 ParOldGen       total 87552K, used 11636K [0x0000000081c00000, 0x0000000087180000, 0x00000000d5f00000)
  object space 87552K, 13% used [0x0000000081c00000,0x000000008275d1b0,0x0000000087180000)
 Metaspace       used 20789K, capacity 21186K, committed 21296K, reserved 1069056K
  class space    used 2454K, capacity 2593K, committed 2608K, reserved 1048576K
Event: 2.582 GC heap after
Heap after GC invocations=4 (full 1):
 PSYoungGen      total 38400K, used 0K [0x00000000d5f00000, 0x00000000daa00000, 0x0000000100000000)
  eden space 33280K, 0% used [0x00000000d5f00000,0x00000000d5f00000,0x00000000d7f80000)
  from space 5120K, 0% used [0x00000000d7f80000,0x00000000d7f80000,0x00000000d8480000)
  to   space 5120K, 0% used [0x00000000da500000,0x00000000da500000,0x00000000daa00000)
 ParOldGen       total 66560K, used 8959K [0x0000000081c00000, 0x0000000085d00000, 0x00000000d5f00000)
  object space 66560K, 13% used [0x0000000081c00000,0x00000000824bff48,0x0000000085d00000)
 Metaspace       used 20789K, capacity 21186K, committed 21296K, reserved 1069056K
  class space    used 2454K, capacity 2593K, committed 2608K, reserved 1048576K
}
Event: 3.488 GC heap before
{Heap before GC invocations=5 (full 1):
 PSYoungGen      total 38400K, used 33280K [0x00000000d5f00000, 0x00000000daa00000, 0x0000000100000000)
  eden space 33280K, 100% used [0x00000000d5f00000,0x00000000d7f80000,0x00000000d7f80000)
  from space 5120K, 0% used [0x00000000d7f80000,0x00000000d7f80000,0x00000000d8480000)
  to   space 5120K, 0% used [0x00000000da500000,0x00000000da500000,0x00000000daa00000)
 ParOldGen       total 66560K, used 8959K [0x0000000081c00000, 0x0000000085d00000, 0x00000000d5f00000)
  object space 66560K, 13% used [0x0000000081c00000,0x00000000824bff48,0x0000000085d00000)
 Metaspace       used 24618K, capacity 25154K, committed 25392K, reserved 1071104K
  class space    used 2938K, capacity 3119K, committed 3120K, reserved 1048576K
Event: 3.503 GC heap after
Heap after GC invocations=5 (full 1):
 PSYoungGen      total 52736K, used 5102K [0x00000000d5f00000, 0x00000000daa00000, 0x0000000100000000)
  eden space 47616K, 0% used [0x00000000d5f00000,0x00000000d5f00000,0x00000000d8d80000)
  from space 5120K, 99% used [0x00000000da500000,0x00000000da9fba10,0x00000000daa00000)
  to   space 5120K, 0% used [0x00000000da000000,0x00000000da000000,0x00000000da500000)
 ParOldGen       total 66560K, used 11785K [0x0000000081c00000, 0x0000000085d00000, 0x00000000d5f00000)
  object space 66560K, 17% used [0x0000000081c00000,0x0000000082782548,0x0000000085d00000)
 Metaspace       used 24618K, capacity 25154K, committed 25392K, reserved 1071104K
  class space    used 2938K, capacity 3119K, committed 3120K, reserved 1048576K
}
Event: 4.519 GC heap before
{Heap before GC invocations=6 (full 1):
 PSYoungGen      total 52736K, used 52718K [0x00000000d5f00000, 0x00000000daa00000, 0x0000000100000000)
  eden space 47616K, 100% used [0x00000000d5f00000,0x00000000d8d80000,0x00000000d8d80000)
  from space 5120K, 99% used [0x00000000da500000,0x00000000da9fba10,0x00000000daa00000)
  to   space 5120K, 0% used [0x00000000da000000,0x00000000da000000,0x00000000da500000)
 ParOldGen       total 66560K, used 11785K [0x0000000081c00000, 0x0000000085d00000, 0x00000000d5f00000)
  object space 66560K, 17% used [0x0000000081c00000,0x0000000082782548,0x0000000085d00000)
 Metaspace       used 33014K, capacity 33521K, committed 33968K, reserved 1079296K
  class space    used 4277K, capacity 4408K, committed 4528K, reserved 1048576K
Event: 4.532 GC heap after
Heap after GC invocations=6 (full 1):
 PSYoungGen      total 71680K, used 5090K [0x00000000d5f00000, 0x00000000dbf00000, 0x0000000100000000)
  eden space 66560K, 0% used [0x00000000d5f00000,0x00000000d5f00000,0x00000000da000000)
  from space 5120K, 99% used [0x00000000da000000,0x00000000da4f8918,0x00000000da500000)
  to   space 15360K, 0% used [0x00000000db000000,0x00000000db000000,0x00000000dbf00000)
 ParOldGen       total 66560K, used 23296K [0x0000000081c00000, 0x0000000085d00000, 0x00000000d5f00000)
  object space 66560K, 35% used [0x0000000081c00000,0x00000000832c0078,0x0000000085d00000)
 Metaspace       used 33014K, capacity 33521K, committed 33968K, reserved 1079296K
  class space    used 4277K, capacity 4408K, committed 4528K, reserved 1048576K
}
Event: 4.708 GC heap before
{Heap before GC invocations=7 (full 1):
 PSYoungGen      total 71680K, used 13017K [0x00000000d5f00000, 0x00000000dbf00000, 0x0000000100000000)
  eden space 66560K, 11% used [0x00000000d5f00000,0x00000000d66bdb68,0x00000000da000000)
  from space 5120K, 99% used [0x00000000da000000,0x00000000da4f8918,0x00000000da500000)
  to   space 15360K, 0% used [0x00000000db000000,0x00000000db000000,0x00000000dbf00000)
 ParOldGen       total 66560K, used 23296K [0x0000000081c00000, 0x0000000085d00000, 0x00000000d5f00000)
  object space 66560K, 35% used [0x0000000081c00000,0x00000000832c0078,0x0000000085d00000)
 Metaspace       used 34836K, capacity 35323K, committed 35496K, reserved 1081344K
  class space    used 4498K, capacity 4653K, committed 4656K, reserved 1048576K
Event: 4.717 GC heap after
Heap after GC invocations=7 (full 1):
 PSYoungGen      total 82944K, used 7191K [0x00000000d5f00000, 0x00000000de080000, 0x0000000100000000)
  eden space 67584K, 0% used [0x00000000d5f00000,0x00000000d5f00000,0x00000000da100000)
  from space 15360K, 46% used [0x00000000db000000,0x00000000db705c10,0x00000000dbf00000)
  to   space 15360K, 0% used [0x00000000da100000,0x00000000da100000,0x00000000db000000)
 ParOldGen       total 66560K, used 23296K [0x0000000081c00000, 0x0000000085d00000, 0x00000000d5f00000)
  object space 66560K, 35% used [0x0000000081c00000,0x00000000832c0078,0x0000000085d00000)
 Metaspace       used 34836K, capacity 35323K, committed 35496K, reserved 1081344K
  class space    used 4498K, capacity 4653K, committed 4656K, reserved 1048576K
}
Event: 4.717 GC heap before
{Heap before GC invocations=8 (full 2):
 PSYoungGen      total 82944K, used 7191K [0x00000000d5f00000, 0x00000000de080000, 0x0000000100000000)
  eden space 67584K, 0% used [0x00000000d5f00000,0x00000000d5f00000,0x00000000da100000)
  from space 15360K, 46% used [0x00000000db000000,0x00000000db705c10,0x00000000dbf00000)
  to   space 15360K, 0% used [0x00000000da100000,0x00000000da100000,0x00000000db000000)
 ParOldGen       total 66560K, used 23296K [0x0000000081c00000, 0x0000000085d00000, 0x00000000d5f00000)
  object space 66560K, 35% used [0x0000000081c00000,0x00000000832c0078,0x0000000085d00000)
 Metaspace       used 34836K, capacity 35323K, committed 35496K, reserved 1081344K
  class space    used 4498K, capacity 4653K, committed 4656K, reserved 1048576K
Event: 4.802 GC heap after
Heap after GC invocations=8 (full 2):
 PSYoungGen      total 82944K, used 0K [0x00000000d5f00000, 0x00000000de080000, 0x0000000100000000)
  eden space 67584K, 0% used [0x00000000d5f00000,0x00000000d5f00000,0x00000000da100000)
  from space 15360K, 0% used [0x00000000db000000,0x00000000db000000,0x00000000dbf00000)
  to   space 15360K, 0% used [0x00000000da100000,0x00000000da100000,0x00000000db000000)
 ParOldGen       total 115200K, used 23807K [0x0000000081c00000, 0x0000000088c80000, 0x00000000d5f00000)
  object space 115200K, 20% used [0x0000000081c00000,0x000000008333fc28,0x0000000088c80000)
 Metaspace       used 34836K, capacity 35323K, committed 35496K, reserved 1081344K
  class space    used 4498K, capacity 4653K, committed 4656K, reserved 1048576K
}

