# JRE version: OpenJDK Runtime Environment (8.0_212-b04) (build 1.8.0_212-release-1586-b04)
# Java VM: OpenJDK 64-Bit Server VM (25.212-b04 mixed mode windows-amd64 compressed oops)
Heap:
 PSYoungGen      total 238592K, used 151028K [0x00000000e0000000, 0x00000000f1580000, 0x0000000100000000)
  eden space 215552K, 59% used [0x00000000e0000000,0x00000000e7d014a8,0x00000000ed280000)
  from space 23040K, 99% used [0x00000000ef100000,0x00000000f077bd10,0x00000000f0780000)
  to   space 31232K, 0% used [0x00000000ed280000,0x00000000ed280000,0x00000000ef100000)
 ParOldGen       total 127488K, used 43229K [0x00000000a0000000, 0x00000000a7c80000, 0x00000000e0000000)
  object space 127488K, 33% used [0x00000000a0000000,0x00000000a2a37480,0x00000000a7c80000)
 Metaspace       used 71519K, capacity 74234K, committed 74496K, reserved 1114112K
  class space    used 9842K, capacity 10450K, committed 10496K, reserved 1048576K
GC Heap History (10 events):
Event: 14.210 GC heap before
{Heap before GC invocations=13 (full 2):
 PSYoungGen      total 153088K, used 153062K [0x00000000e0000000, 0x00000000eb100000, 0x0000000100000000)
  eden space 140288K, 100% used [0x00000000e0000000,0x00000000e8900000,0x00000000e8900000)
  from space 12800K, 99% used [0x00000000ea480000,0x00000000eb0f9be8,0x00000000eb100000)
  to   space 15360K, 0% used [0x00000000e9300000,0x00000000e9300000,0x00000000ea200000)
 ParOldGen       total 88576K, used 20293K [0x00000000a0000000, 0x00000000a5680000, 0x00000000e0000000)
  object space 88576K, 22% used [0x00000000a0000000,0x00000000a13d1630,0x00000000a5680000)
 Metaspace       used 56482K, capacity 58238K, committed 58368K, reserved 1099776K
  class space    used 7703K, capacity 8090K, committed 8192K, reserved 1048576K
Event: 14.261 GC heap after
Heap after GC invocations=13 (full 2):
 PSYoungGen      total 165888K, used 15342K [0x00000000e0000000, 0x00000000ed780000, 0x0000000100000000)
  eden space 150528K, 0% used [0x00000000e0000000,0x00000000e0000000,0x00000000e9300000)
  from space 15360K, 99% used [0x00000000e9300000,0x00000000ea1fb9c8,0x00000000ea200000)
  to   space 19968K, 0% used [0x00000000ec400000,0x00000000ec400000,0x00000000ed780000)
 ParOldGen       total 88576K, used 27554K [0x00000000a0000000, 0x00000000a5680000, 0x00000000e0000000)
  object space 88576K, 31% used [0x00000000a0000000,0x00000000a1ae8a60,0x00000000a5680000)
 Metaspace       used 56482K, capacity 58238K, committed 58368K, reserved 1099776K
  class space    used 7703K, capacity 8090K, committed 8192K, reserved 1048576K
}
Event: 14.527 GC heap before
{Heap before GC invocations=14 (full 2):
 PSYoungGen      total 165888K, used 29630K [0x00000000e0000000, 0x00000000ed780000, 0x0000000100000000)
  eden space 150528K, 9% used [0x00000000e0000000,0x00000000e0df40e0,0x00000000e9300000)
  from space 15360K, 99% used [0x00000000e9300000,0x00000000ea1fb9c8,0x00000000ea200000)
  to   space 19968K, 0% used [0x00000000ec400000,0x00000000ec400000,0x00000000ed780000)
 ParOldGen       total 88576K, used 27554K [0x00000000a0000000, 0x00000000a5680000, 0x00000000e0000000)
  object space 88576K, 31% used [0x00000000a0000000,0x00000000a1ae8a60,0x00000000a5680000)
 Metaspace       used 57283K, capacity 59020K, committed 59160K, reserved 1099776K
  class space    used 7847K, capacity 8231K, committed 8320K, reserved 1048576K
Event: 14.547 GC heap after
Heap after GC invocations=14 (full 2):
 PSYoungGen      total 200192K, used 1236K [0x00000000e0000000, 0x00000000ef380000, 0x0000000100000000)
  eden space 180224K, 0% used [0x00000000e0000000,0x00000000e0000000,0x00000000eb000000)
  from space 19968K, 6% used [0x00000000ec400000,0x00000000ec535030,0x00000000ed780000)
  to   space 20480K, 0% used [0x00000000eb000000,0x00000000eb000000,0x00000000ec400000)
 ParOldGen       total 88576K, used 35339K [0x00000000a0000000, 0x00000000a5680000, 0x00000000e0000000)
  object space 88576K, 39% used [0x00000000a0000000,0x00000000a2282da0,0x00000000a5680000)
 Metaspace       used 57283K, capacity 59020K, committed 59160K, reserved 1099776K
  class space    used 7847K, capacity 8231K, committed 8320K, reserved 1048576K
}
Event: 14.547 GC heap before
{Heap before GC invocations=15 (full 3):
 PSYoungGen      total 200192K, used 1236K [0x00000000e0000000, 0x00000000ef380000, 0x0000000100000000)
  eden space 180224K, 0% used [0x00000000e0000000,0x00000000e0000000,0x00000000eb000000)
  from space 19968K, 6% used [0x00000000ec400000,0x00000000ec535030,0x00000000ed780000)
  to   space 20480K, 0% used [0x00000000eb000000,0x00000000eb000000,0x00000000ec400000)
 ParOldGen       total 88576K, used 35339K [0x00000000a0000000, 0x00000000a5680000, 0x00000000e0000000)
  object space 88576K, 39% used [0x00000000a0000000,0x00000000a2282da0,0x00000000a5680000)
 Metaspace       used 57283K, capacity 59020K, committed 59160K, reserved 1099776K
  class space    used 7847K, capacity 8231K, committed 8320K, reserved 1048576K
Event: 14.916 GC heap after
Heap after GC invocations=15 (full 3):
 PSYoungGen      total 200192K, used 0K [0x00000000e0000000, 0x00000000ef380000, 0x0000000100000000)
  eden space 180224K, 0% used [0x00000000e0000000,0x00000000e0000000,0x00000000eb000000)
  from space 19968K, 0% used [0x00000000ec400000,0x00000000ec400000,0x00000000ed780000)
  to   space 20480K, 0% used [0x00000000eb000000,0x00000000eb000000,0x00000000ec400000)
 ParOldGen       total 127488K, used 30064K [0x00000000a0000000, 0x00000000a7c80000, 0x00000000e0000000)
  object space 127488K, 23% used [0x00000000a0000000,0x00000000a1d5c020,0x00000000a7c80000)
 Metaspace       used 57283K, capacity 59020K, committed 59160K, reserved 1099776K
  class space    used 7847K, capacity 8231K, committed 8320K, reserved 1048576K
}
Event: 18.717 GC heap before
{Heap before GC invocations=16 (full 3):
 PSYoungGen      total 200192K, used 180224K [0x00000000e0000000, 0x00000000ef380000, 0x0000000100000000)
  eden space 180224K, 100% used [0x00000000e0000000,0x00000000eb000000,0x00000000eb000000)
  from space 19968K, 0% used [0x00000000ec400000,0x00000000ec400000,0x00000000ed780000)
  to   space 20480K, 0% used [0x00000000eb000000,0x00000000eb000000,0x00000000ec400000)
 ParOldGen       total 127488K, used 30064K [0x00000000a0000000, 0x00000000a7c80000, 0x00000000e0000000)
  object space 127488K, 23% used [0x00000000a0000000,0x00000000a1d5c020,0x00000000a7c80000)
 Metaspace       used 65020K, capacity 67190K, committed 67328K, reserved 1107968K
  class space    used 8883K, capacity 9370K, committed 9472K, reserved 1048576K
Event: 18.740 GC heap after
Heap after GC invocations=16 (full 3):
 PSYoungGen      total 200704K, used 18368K [0x00000000e0000000, 0x00000000f0780000, 0x0000000100000000)
  eden space 180224K, 0% used [0x00000000e0000000,0x00000000e0000000,0x00000000eb000000)
  from space 20480K, 89% used [0x00000000eb000000,0x00000000ec1f01c8,0x00000000ec400000)
  to   space 23040K, 0% used [0x00000000ef100000,0x00000000ef100000,0x00000000f0780000)
 ParOldGen       total 127488K, used 30072K [0x00000000a0000000, 0x00000000a7c80000, 0x00000000e0000000)
  object space 127488K, 23% used [0x00000000a0000000,0x00000000a1d5e020,0x00000000a7c80000)
 Metaspace       used 65020K, capacity 67190K, committed 67328K, reserved 1107968K
  class space    used 8883K, capacity 9370K, committed 9472K, reserved 1048576K
}
Event: 21.064 GC heap before
{Heap before GC invocations=17 (full 3):
 PSYoungGen      total 200704K, used 198592K [0x00000000e0000000, 0x00000000f0780000, 0x0000000100000000)
  eden space 180224K, 100% used [0x00000000e0000000,0x00000000eb000000,0x00000000eb000000)
  from space 20480K, 89% used [0x00000000eb000000,0x00000000ec1f01c8,0x00000000ec400000)
  to   space 23040K, 0% used [0x00000000ef100000,0x00000000ef100000,0x00000000f0780000)
 ParOldGen       total 127488K, used 30072K [0x00000000a0000000, 0x00000000a7c80000, 0x00000000e0000000)
  object space 127488K, 23% used [0x00000000a0000000,0x00000000a1d5e020,0x00000000a7c80000)
 Metaspace       used 69934K, capacity 72538K, committed 72704K, reserved 1112064K
  class space    used 9568K, capacity 10164K, committed 10240K, reserved 1048576K
Event: 21.104 GC heap after
Heap after GC invocations=17 (full 3):
 PSYoungGen      total 238592K, used 23023K [0x00000000e0000000, 0x00000000f1580000, 0x0000000100000000)
  eden space 215552K, 0% used [0x00000000e0000000,0x00000000e0000000,0x00000000ed280000)
  from space 23040K, 99% used [0x00000000ef100000,0x00000000f077bd10,0x00000000f0780000)
  to   space 31232K, 0% used [0x00000000ed280000,0x00000000ed280000,0x00000000ef100000)
 ParOldGen       total 127488K, used 43229K [0x00000000a0000000, 0x00000000a7c80000, 0x00000000e0000000)
  object space 127488K, 33% used [0x00000000a0000000,0x00000000a2a37480,0x00000000a7c80000)
 Metaspace       used 69934K, capacity 72538K, committed 72704K, reserved 1112064K
  class space    used 9568K, capacity 10164K, committed 10240K, reserved 1048576K
}

