# JRE version: OpenJDK Runtime Environment (8.0_212-b04) (build 1.8.0_212-release-1586-b04)
# Java VM: OpenJDK 64-Bit Server VM (25.212-b04 mixed mode windows-amd64 compressed oops)
Heap:
 PSYoungGen      total 193024K, used 152874K [0x00000000e0000000, 0x00000000ee600000, 0x0000000100000000)
  eden space 166912K, 91% used [0x00000000e0000000,0x00000000e954a920,0x00000000ea300000)
  from space 26112K, 0% used [0x00000000ea800000,0x00000000ea800000,0x00000000ec180000)
  to   space 34304K, 0% used [0x00000000ec480000,0x00000000ec480000,0x00000000ee600000)
 ParOldGen       total 134656K, used 57839K [0x00000000a0000000, 0x00000000a8380000, 0x00000000e0000000)
  object space 134656K, 42% used [0x00000000a0000000,0x00000000a387be58,0x00000000a8380000)
 Metaspace       used 100272K, capacity 104538K, committed 104960K, reserved 1140736K
  class space    used 13127K, capacity 13952K, committed 14080K, reserved 1048576K
GC Heap History (10 events):
Event: 3064.354 GC heap before
{Heap before GC invocations=19 (full 3):
 PSYoungGen      total 214016K, used 213993K [0x00000000e0000000, 0x00000000ef600000, 0x0000000100000000)
  eden space 189440K, 100% used [0x00000000e0000000,0x00000000eb900000,0x00000000eb900000)
  from space 24576K, 99% used [0x00000000ebf00000,0x00000000ed6fa4e0,0x00000000ed700000)
  to   space 31232K, 0% used [0x00000000ed780000,0x00000000ed780000,0x00000000ef600000)
 ParOldGen       total 134656K, used 47925K [0x00000000a0000000, 0x00000000a8380000, 0x00000000e0000000)
  object space 134656K, 35% used [0x00000000a0000000,0x00000000a2ecd590,0x00000000a8380000)
 Metaspace       used 86534K, capacity 90334K, committed 90496K, reserved 1128448K
  class space    used 11244K, capacity 12051K, committed 12160K, reserved 1048576K
Event: 3064.394 GC heap after
Heap after GC invocations=19 (full 3):
 PSYoungGen      total 210432K, used 20785K [0x00000000e0000000, 0x00000000ef200000, 0x0000000100000000)
  eden space 183296K, 0% used [0x00000000e0000000,0x00000000e0000000,0x00000000eb300000)
  from space 27136K, 76% used [0x00000000ed780000,0x00000000eebcc6a0,0x00000000ef200000)
  to   space 32256K, 0% used [0x00000000eb300000,0x00000000eb300000,0x00000000ed280000)
 ParOldGen       total 134656K, used 62596K [0x00000000a0000000, 0x00000000a8380000, 0x00000000e0000000)
  object space 134656K, 46% used [0x00000000a0000000,0x00000000a3d21018,0x00000000a8380000)
 Metaspace       used 86534K, capacity 90334K, committed 90496K, reserved 1128448K
  class space    used 11244K, capacity 12051K, committed 12160K, reserved 1048576K
}
Event: 3094.614 GC heap before
{Heap before GC invocations=20 (full 3):
 PSYoungGen      total 210432K, used 204081K [0x00000000e0000000, 0x00000000ef200000, 0x0000000100000000)
  eden space 183296K, 100% used [0x00000000e0000000,0x00000000eb300000,0x00000000eb300000)
  from space 27136K, 76% used [0x00000000ed780000,0x00000000eebcc6a0,0x00000000ef200000)
  to   space 32256K, 0% used [0x00000000eb300000,0x00000000eb300000,0x00000000ed280000)
 ParOldGen       total 134656K, used 62596K [0x00000000a0000000, 0x00000000a8380000, 0x00000000e0000000)
  object space 134656K, 46% used [0x00000000a0000000,0x00000000a3d21018,0x00000000a8380000)
 Metaspace       used 88816K, capacity 92778K, committed 92800K, reserved 1130496K
  class space    used 11568K, capacity 12400K, committed 12416K, reserved 1048576K
Event: 3094.641 GC heap after
Heap after GC invocations=20 (full 3):
 PSYoungGen      total 196608K, used 18908K [0x00000000e0000000, 0x00000000eeb80000, 0x0000000100000000)
  eden space 177664K, 0% used [0x00000000e0000000,0x00000000e0000000,0x00000000ead80000)
  from space 18944K, 99% used [0x00000000eb300000,0x00000000ec577080,0x00000000ec580000)
  to   space 31744K, 0% used [0x00000000ecc80000,0x00000000ecc80000,0x00000000eeb80000)
 ParOldGen       total 134656K, used 62604K [0x00000000a0000000, 0x00000000a8380000, 0x00000000e0000000)
  object space 134656K, 46% used [0x00000000a0000000,0x00000000a3d23018,0x00000000a8380000)
 Metaspace       used 88816K, capacity 92778K, committed 92800K, reserved 1130496K
  class space    used 11568K, capacity 12400K, committed 12416K, reserved 1048576K
}
Event: 3119.991 GC heap before
{Heap before GC invocations=21 (full 3):
 PSYoungGen      total 196608K, used 196572K [0x00000000e0000000, 0x00000000eeb80000, 0x0000000100000000)
  eden space 177664K, 100% used [0x00000000e0000000,0x00000000ead80000,0x00000000ead80000)
  from space 18944K, 99% used [0x00000000eb300000,0x00000000ec577080,0x00000000ec580000)
  to   space 31744K, 0% used [0x00000000ecc80000,0x00000000ecc80000,0x00000000eeb80000)
 ParOldGen       total 134656K, used 62604K [0x00000000a0000000, 0x00000000a8380000, 0x00000000e0000000)
  object space 134656K, 46% used [0x00000000a0000000,0x00000000a3d23018,0x00000000a8380000)
 Metaspace       used 89277K, capacity 93350K, committed 93440K, reserved 1130496K
  class space    used 11611K, capacity 12484K, committed 12544K, reserved 1048576K
Event: 3120.040 GC heap after
Heap after GC invocations=21 (full 3):
 PSYoungGen      total 199168K, used 19864K [0x00000000e0000000, 0x00000000ee700000, 0x0000000100000000)
  eden space 172032K, 0% used [0x00000000e0000000,0x00000000e0000000,0x00000000ea800000)
  from space 27136K, 73% used [0x00000000ecc80000,0x00000000edfe61e8,0x00000000ee700000)
  to   space 32256K, 0% used [0x00000000ea800000,0x00000000ea800000,0x00000000ec780000)
 ParOldGen       total 134656K, used 62612K [0x00000000a0000000, 0x00000000a8380000, 0x00000000e0000000)
  object space 134656K, 46% used [0x00000000a0000000,0x00000000a3d25018,0x00000000a8380000)
 Metaspace       used 89277K, capacity 93350K, committed 93440K, reserved 1130496K
  class space    used 11611K, capacity 12484K, committed 12544K, reserved 1048576K
}
Event: 3122.416 GC heap before
{Heap before GC invocations=22 (full 3):
 PSYoungGen      total 199168K, used 85299K [0x00000000e0000000, 0x00000000ee700000, 0x0000000100000000)
  eden space 172032K, 38% used [0x00000000e0000000,0x00000000e3fe6cf8,0x00000000ea800000)
  from space 27136K, 73% used [0x00000000ecc80000,0x00000000edfe61e8,0x00000000ee700000)
  to   space 32256K, 0% used [0x00000000ea800000,0x00000000ea800000,0x00000000ec780000)
 ParOldGen       total 134656K, used 62612K [0x00000000a0000000, 0x00000000a8380000, 0x00000000e0000000)
  object space 134656K, 46% used [0x00000000a0000000,0x00000000a3d25018,0x00000000a8380000)
 Metaspace       used 94354K, capacity 98520K, committed 98560K, reserved 1134592K
  class space    used 12282K, capacity 13148K, committed 13184K, reserved 1048576K
Event: 3122.476 GC heap after
Heap after GC invocations=22 (full 3):
 PSYoungGen      total 193024K, used 26071K [0x00000000e0000000, 0x00000000ee600000, 0x0000000100000000)
  eden space 166912K, 0% used [0x00000000e0000000,0x00000000e0000000,0x00000000ea300000)
  from space 26112K, 99% used [0x00000000ea800000,0x00000000ec175c98,0x00000000ec180000)
  to   space 34304K, 0% used [0x00000000ec480000,0x00000000ec480000,0x00000000ee600000)
 ParOldGen       total 134656K, used 62620K [0x00000000a0000000, 0x00000000a8380000, 0x00000000e0000000)
  object space 134656K, 46% used [0x00000000a0000000,0x00000000a3d27018,0x00000000a8380000)
 Metaspace       used 94354K, capacity 98520K, committed 98560K, reserved 1134592K
  class space    used 12282K, capacity 13148K, committed 13184K, reserved 1048576K
}
Event: 3122.476 GC heap before
{Heap before GC invocations=23 (full 4):
 PSYoungGen      total 193024K, used 26071K [0x00000000e0000000, 0x00000000ee600000, 0x0000000100000000)
  eden space 166912K, 0% used [0x00000000e0000000,0x00000000e0000000,0x00000000ea300000)
  from space 26112K, 99% used [0x00000000ea800000,0x00000000ec175c98,0x00000000ec180000)
  to   space 34304K, 0% used [0x00000000ec480000,0x00000000ec480000,0x00000000ee600000)
 ParOldGen       total 134656K, used 62620K [0x00000000a0000000, 0x00000000a8380000, 0x00000000e0000000)
  object space 134656K, 46% used [0x00000000a0000000,0x00000000a3d27018,0x00000000a8380000)
 Metaspace       used 94354K, capacity 98520K, committed 98560K, reserved 1134592K
  class space    used 12282K, capacity 13148K, committed 13184K, reserved 1048576K
Event: 3122.821 GC heap after
Heap after GC invocations=23 (full 4):
 PSYoungGen      total 193024K, used 0K [0x00000000e0000000, 0x00000000ee600000, 0x0000000100000000)
  eden space 166912K, 0% used [0x00000000e0000000,0x00000000e0000000,0x00000000ea300000)
  from space 26112K, 0% used [0x00000000ea800000,0x00000000ea800000,0x00000000ec180000)
  to   space 34304K, 0% used [0x00000000ec480000,0x00000000ec480000,0x00000000ee600000)
 ParOldGen       total 134656K, used 57839K [0x00000000a0000000, 0x00000000a8380000, 0x00000000e0000000)
  object space 134656K, 42% used [0x00000000a0000000,0x00000000a387be58,0x00000000a8380000)
 Metaspace       used 92350K, capacity 95660K, committed 98560K, reserved 1134592K
  class space    used 11975K, capacity 12655K, committed 13184K, reserved 1048576K
}

